{"numTotalTestSuites":673,"numPassedTestSuites":673,"numFailedTestSuites":0,"numPendingTestSuites":0,"numTotalTests":2460,"numPassedTests":2440,"numFailedTests":0,"numPendingTests":20,"numTodoTests":0,"snapshot":{"added":0,"failure":false,"filesAdded":0,"filesRemoved":0,"filesRemovedList":[],"filesUnmatched":0,"filesUpdated":0,"matched":0,"total":0,"unchecked":0,"uncheckedKeysByFile":[],"unmatched":0,"updated":0,"didUpdate":false},"startTime":1772924644792,"success":true,"testResults":[{"assertionResults":[{"ancestorTitles":["Database Sync — Seed Constants Integrity","Global Assumptions Seed Values"],"fullName":"Database Sync — Seed Constants Integrity Global Assumptions Seed Values base management fee rate matches constant","status":"passed","title":"base management fee rate matches constant","duration":1.5486600000001545,"failureMessages":[],"meta":{}},{"ancestorTitles":["Database Sync — Seed Constants Integrity","Global Assumptions Seed Values"],"fullName":"Database Sync — Seed Constants Integrity Global Assumptions Seed Values incentive management fee rate matches constant","status":"passed","title":"incentive management fee rate matches constant","duration":0.3615700000000288,"failureMessages":[],"meta":{}},{"ancestorTitles":["Database Sync — Seed Constants Integrity","Global Assumptions Seed Values"],"fullName":"Database Sync — Seed Constants Integrity Global Assumptions Seed Values exit cap rate matches constant","status":"passed","title":"exit cap rate matches constant","duration":0.32625000000007276,"failureMessages":[],"meta":{}},{"ancestorTitles":["Database Sync — Seed Constants Integrity","Global Assumptions Seed Values"],"fullName":"Database Sync — Seed Constants Integrity Global Assumptions Seed Values commission rate matches constant","status":"passed","title":"commission rate matches constant","duration":0.2160599999999704,"failureMessages":[],"meta":{}},{"ancestorTitles":["Database Sync — Seed Constants Integrity","Global Assumptions Seed Values"],"fullName":"Database Sync — Seed Constants Integrity Global Assumptions Seed Values company tax rate matches constant","status":"passed","title":"company tax rate matches constant","duration":0.17051999999989675,"failureMessages":[],"meta":{}},{"ancestorTitles":["Database Sync — Seed Constants Integrity","Global Assumptions Seed Values"],"fullName":"Database Sync — Seed Constants Integrity Global Assumptions Seed Values SAFE valuation cap matches constant","status":"passed","title":"SAFE valuation cap matches constant","duration":0.22606000000018867,"failureMessages":[],"meta":{}},{"ancestorTitles":["Database Sync — Seed Constants Integrity","Global Assumptions Seed Values"],"fullName":"Database Sync — Seed Constants Integrity Global Assumptions Seed Values SAFE discount rate matches constant","status":"passed","title":"SAFE discount rate matches constant","duration":0.28183000000012726,"failureMessages":[],"meta":{}},{"ancestorTitles":["Database Sync — Seed Constants Integrity","Global Assumptions Seed Values"],"fullName":"Database Sync — Seed Constants Integrity Global Assumptions Seed Values standard acquisition package has correct values","status":"passed","title":"standard acquisition package has correct values","duration":0.24040999999988344,"failureMessages":[],"meta":{}},{"ancestorTitles":["Database Sync — Seed Constants Integrity","Global Assumptions Seed Values"],"fullName":"Database Sync — Seed Constants Integrity Global Assumptions Seed Values inflation rate is 3%","status":"passed","title":"inflation rate is 3%","duration":0.3276499999999487,"failureMessages":[],"meta":{}},{"ancestorTitles":["Database Sync — Seed Constants Integrity","Global Assumptions Seed Values"],"fullName":"Database Sync — Seed Constants Integrity Global Assumptions Seed Values fixed cost escalation equals inflation","status":"passed","title":"fixed cost escalation equals inflation","duration":0.2653400000001511,"failureMessages":[],"meta":{}},{"ancestorTitles":["Database Sync — Seed Constants Integrity","Global Assumptions Seed Values"],"fullName":"Database Sync — Seed Constants Integrity Global Assumptions Seed Values model start date is April 2026","status":"passed","title":"model start date is April 2026","duration":0.14898999999991247,"failureMessages":[],"meta":{}},{"ancestorTitles":["Database Sync — Seed Constants Integrity","Global Assumptions Seed Values"],"fullName":"Database Sync — Seed Constants Integrity Global Assumptions Seed Values company ops start date is June 2026","status":"passed","title":"company ops start date is June 2026","duration":0.11594999999988431,"failureMessages":[],"meta":{}},{"ancestorTitles":["Database Sync — Seed Constants Integrity","Global Assumptions Seed Values"],"fullName":"Database Sync — Seed Constants Integrity Global Assumptions Seed Values partner compensation values are set","status":"passed","title":"partner compensation values are set","duration":0.12027000000011867,"failureMessages":[],"meta":{}},{"ancestorTitles":["Database Sync — Seed Constants Integrity","Seed Property Values"],"fullName":"Database Sync — Seed Constants Integrity Seed Property Values has exactly 5 properties","status":"passed","title":"has exactly 5 properties","duration":7.292950000000019,"failureMessages":[],"meta":{}},{"ancestorTitles":["Database Sync — Seed Constants Integrity","Seed Property Values"],"fullName":"Database Sync — Seed Constants Integrity Seed Property Values all properties have positive purchase prices","status":"passed","title":"all properties have positive purchase prices","duration":0.32577999999989515,"failureMessages":[],"meta":{}},{"ancestorTitles":["Database Sync — Seed Constants Integrity","Seed Property Values"],"fullName":"Database Sync — Seed Constants Integrity Seed Property Values all properties have building improvements","status":"passed","title":"all properties have building improvements","duration":0.2771299999999428,"failureMessages":[],"meta":{}},{"ancestorTitles":["Database Sync — Seed Constants Integrity","Seed Property Values"],"fullName":"Database Sync — Seed Constants Integrity Seed Property Values all properties have room counts between 10-80","status":"passed","title":"all properties have room counts between 10-80","duration":0.31316999999990003,"failureMessages":[],"meta":{}},{"ancestorTitles":["Database Sync — Seed Constants Integrity","Seed Property Values"],"fullName":"Database Sync — Seed Constants Integrity Seed Property Values all properties have ADR above $150","status":"passed","title":"all properties have ADR above $150","duration":0.20217999999999847,"failureMessages":[],"meta":{}},{"ancestorTitles":["Database Sync — Seed Constants Integrity","Seed Property Values"],"fullName":"Database Sync — Seed Constants Integrity Seed Property Values all occupancy starts below max","status":"passed","title":"all occupancy starts below max","duration":0.18011999999998807,"failureMessages":[],"meta":{}},{"ancestorTitles":["Database Sync — Seed Constants Integrity","Seed Property Values"],"fullName":"Database Sync — Seed Constants Integrity Seed Property Values all exit cap rates are between 5-12%","status":"passed","title":"all exit cap rates are between 5-12%","duration":0.32215999999993983,"failureMessages":[],"meta":{}},{"ancestorTitles":["Database Sync — Seed Constants Integrity","Seed Property Values"],"fullName":"Database Sync — Seed Constants Integrity Seed Property Values Hudson Estate has correct flagship values","status":"passed","title":"Hudson Estate has correct flagship values","duration":0.29147999999986496,"failureMessages":[],"meta":{}},{"ancestorTitles":["Database Sync — Seed Constants Integrity","Seed Property Values"],"fullName":"Database Sync — Seed Constants Integrity Seed Property Values Eden Summit Lodge has correct values","status":"passed","title":"Eden Summit Lodge has correct values","duration":0.16246000000001004,"failureMessages":[],"meta":{}},{"ancestorTitles":["Database Sync — Seed Constants Integrity","Seed Property Values"],"fullName":"Database Sync — Seed Constants Integrity Seed Property Values Austin Hillside has correct values","status":"passed","title":"Austin Hillside has correct values","duration":0.157950000000028,"failureMessages":[],"meta":{}},{"ancestorTitles":["Database Sync — Seed Constants Integrity","Seed Property Values"],"fullName":"Database Sync — Seed Constants Integrity Seed Property Values Casa Medellín has correct values","status":"passed","title":"Casa Medellín has correct values","duration":0.3053099999999631,"failureMessages":[],"meta":{}},{"ancestorTitles":["Database Sync — Seed Constants Integrity","Seed Property Values"],"fullName":"Database Sync — Seed Constants Integrity Seed Property Values Blue Ridge Manor has correct values","status":"passed","title":"Blue Ridge Manor has correct values","duration":0.2107499999999618,"failureMessages":[],"meta":{}},{"ancestorTitles":["Database Sync — Seed Constants Integrity","Seed Property Values"],"fullName":"Database Sync — Seed Constants Integrity Seed Property Values total portfolio room count is 120","status":"passed","title":"total portfolio room count is 120","duration":0.09500000000002728,"failureMessages":[],"meta":{}},{"ancestorTitles":["Database Sync — Seed Constants Integrity","Seed Property Values"],"fullName":"Database Sync — Seed Constants Integrity Seed Property Values total portfolio equity invested matches dashboard","status":"passed","title":"total portfolio equity invested matches dashboard","duration":8.646150000000034,"failureMessages":[],"meta":{}},{"ancestorTitles":["Database Sync — Seed Constants Integrity","Seed Property Values"],"fullName":"Database Sync — Seed Constants Integrity Seed Property Values average purchase price matches dashboard","status":"passed","title":"average purchase price matches dashboard","duration":0.22298000000000684,"failureMessages":[],"meta":{}},{"ancestorTitles":["Database Sync — Seed Constants Integrity","Seed Property Values"],"fullName":"Database Sync — Seed Constants Integrity Seed Property Values average daily rate matches dashboard","status":"passed","title":"average daily rate matches dashboard","duration":0.12246000000004642,"failureMessages":[],"meta":{}},{"ancestorTitles":["Database Sync — Seed Constants Integrity","Service Fee Categories"],"fullName":"Database Sync — Seed Constants Integrity Service Fee Categories has exactly 5 default categories","status":"passed","title":"has exactly 5 default categories","duration":0.2304199999998673,"failureMessages":[],"meta":{}},{"ancestorTitles":["Database Sync — Seed Constants Integrity","Service Fee Categories"],"fullName":"Database Sync — Seed Constants Integrity Service Fee Categories category rates sum to base management fee rate","status":"passed","title":"category rates sum to base management fee rate","duration":1.1714300000001003,"failureMessages":[],"meta":{}},{"ancestorTitles":["Database Sync — Seed Constants Integrity","Service Fee Categories"],"fullName":"Database Sync — Seed Constants Integrity Service Fee Categories all categories have positive rates","status":"passed","title":"all categories have positive rates","duration":0.2780800000000454,"failureMessages":[],"meta":{}},{"ancestorTitles":["Database Sync — Seed Constants Integrity","Service Fee Categories"],"fullName":"Database Sync — Seed Constants Integrity Service Fee Categories all categories have sequential sort orders","status":"passed","title":"all categories have sequential sort orders","duration":0.241170000000011,"failureMessages":[],"meta":{}},{"ancestorTitles":["Database Sync — Seed Constants Integrity","Service Fee Categories"],"fullName":"Database Sync — Seed Constants Integrity Service Fee Categories Marketing fee is 2%","status":"passed","title":"Marketing fee is 2%","duration":0.10898000000020147,"failureMessages":[],"meta":{}},{"ancestorTitles":["Database Sync — Seed Constants Integrity","Service Fee Categories"],"fullName":"Database Sync — Seed Constants Integrity Service Fee Categories IT fee is 1%","status":"passed","title":"IT fee is 1%","duration":0.12096999999994296,"failureMessages":[],"meta":{}},{"ancestorTitles":["Database Sync — Seed Constants Integrity","Service Fee Categories"],"fullName":"Database Sync — Seed Constants Integrity Service Fee Categories Accounting fee is 1.5%","status":"passed","title":"Accounting fee is 1.5%","duration":0.1534999999998945,"failureMessages":[],"meta":{}},{"ancestorTitles":["Database Sync — Seed Constants Integrity","Service Fee Categories"],"fullName":"Database Sync — Seed Constants Integrity Service Fee Categories Reservations fee is 2%","status":"passed","title":"Reservations fee is 2%","duration":5.24770999999987,"failureMessages":[],"meta":{}},{"ancestorTitles":["Database Sync — Seed Constants Integrity","Service Fee Categories"],"fullName":"Database Sync — Seed Constants Integrity Service Fee Categories General Management fee is 2%","status":"passed","title":"General Management fee is 2%","duration":0.12254000000007181,"failureMessages":[],"meta":{}},{"ancestorTitles":["Database Sync — Seed Constants Integrity","Cross-Constant Consistency"],"fullName":"Database Sync — Seed Constants Integrity Cross-Constant Consistency seed base fee matches service fee category sum","status":"passed","title":"seed base fee matches service fee category sum","duration":0.24301000000014028,"failureMessages":[],"meta":{}},{"ancestorTitles":["Database Sync — Seed Constants Integrity","Cross-Constant Consistency"],"fullName":"Database Sync — Seed Constants Integrity Cross-Constant Consistency company tax rate (30%) exceeds property tax rate (25%)","status":"passed","title":"company tax rate (30%) exceeds property tax rate (25%)","duration":2.6888300000000527,"failureMessages":[],"meta":{}},{"ancestorTitles":["Database Sync — Seed Constants Integrity","Cross-Constant Consistency"],"fullName":"Database Sync — Seed Constants Integrity Cross-Constant Consistency incentive fee rate exceeds base management fee rate","status":"passed","title":"incentive fee rate exceeds base management fee rate","duration":0.10951999999997497,"failureMessages":[],"meta":{}},{"ancestorTitles":["Database Sync — Seed Constants Integrity","Cross-Constant Consistency"],"fullName":"Database Sync — Seed Constants Integrity Cross-Constant Consistency all property cost rates sum to reasonable total","status":"passed","title":"all property cost rates sum to reasonable total","duration":0.329970000000003,"failureMessages":[],"meta":{}},{"ancestorTitles":["Database Sync — Seed Constants Integrity","Cross-Constant Consistency"],"fullName":"Database Sync — Seed Constants Integrity Cross-Constant Consistency no property exit cap rate exceeds 10%","status":"passed","title":"no property exit cap rate exceeds 10%","duration":0.23398999999994885,"failureMessages":[],"meta":{}},{"ancestorTitles":["Database Sync — Seed Constants Integrity","Cross-Constant Consistency"],"fullName":"Database Sync — Seed Constants Integrity Cross-Constant Consistency SAFE tranches total $2M","status":"passed","title":"SAFE tranches total $2M","duration":0.13274000000001251,"failureMessages":[],"meta":{}},{"ancestorTitles":["Database Sync — Seed Constants Integrity","Cross-Constant Consistency"],"fullName":"Database Sync — Seed Constants Integrity Cross-Constant Consistency SAFE tranche 2 date is after tranche 1","status":"passed","title":"SAFE tranche 2 date is after tranche 1","duration":0.1394599999998718,"failureMessages":[],"meta":{}},{"ancestorTitles":["Database Sync — Seed Constants Integrity","Cross-Constant Consistency"],"fullName":"Database Sync — Seed Constants Integrity Cross-Constant Consistency standard acquisition package purchase price matches Hudson Estate","status":"passed","title":"standard acquisition package purchase price matches Hudson Estate","duration":0.14097999999989952,"failureMessages":[],"meta":{}},{"ancestorTitles":["Database Sync — Seed Constants Integrity","Sync Status Response Shape"],"fullName":"Database Sync — Seed Constants Integrity Sync Status Response Shape response has correct environment field","status":"passed","title":"response has correct environment field","duration":0.14137000000005173,"failureMessages":[],"meta":{}},{"ancestorTitles":["Database Sync — Seed Constants Integrity","Sync Status Response Shape"],"fullName":"Database Sync — Seed Constants Integrity Sync Status Response Shape summary has all required fields","status":"passed","title":"summary has all required fields","duration":1.0716699999998127,"failureMessages":[],"meta":{}},{"ancestorTitles":["Database Sync — Seed Constants Integrity","Sync Status Response Shape"],"fullName":"Database Sync — Seed Constants Integrity Sync Status Response Shape summary property count matches seed data","status":"passed","title":"summary property count matches seed data","duration":1.0204800000001342,"failureMessages":[],"meta":{}},{"ancestorTitles":["Database Sync — Seed Constants Integrity","Sync Status Response Shape"],"fullName":"Database Sync — Seed Constants Integrity Sync Status Response Shape summary fee categories = 5 per property × N properties","status":"passed","title":"summary fee categories = 5 per property × N properties","duration":0.14028000000007523,"failureMessages":[],"meta":{}},{"ancestorTitles":["Database Sync — Seed Constants Integrity","Sync Status Response Shape"],"fullName":"Database Sync — Seed Constants Integrity Sync Status Response Shape global assumptions include all key financial fields","status":"passed","title":"global assumptions include all key financial fields","duration":0.2800199999999222,"failureMessages":[],"meta":{}},{"ancestorTitles":["Database Sync — Seed Constants Integrity","Sync Status Response Shape"],"fullName":"Database Sync — Seed Constants Integrity Sync Status Response Shape each property has fee categories array","status":"passed","title":"each property has fee categories array","duration":0.3412299999999959,"failureMessages":[],"meta":{}},{"ancestorTitles":["Database Sync — Seed Constants Integrity","Sync Status Response Shape"],"fullName":"Database Sync — Seed Constants Integrity Sync Status Response Shape each property has research values flag","status":"passed","title":"each property has research values flag","duration":0.22263999999995576,"failureMessages":[],"meta":{}},{"ancestorTitles":["Database Sync — Seed Constants Integrity","Sync Status Response Shape"],"fullName":"Database Sync — Seed Constants Integrity Sync Status Response Shape user groups have required fields","status":"passed","title":"user groups have required fields","duration":0.812650000000076,"failureMessages":[],"meta":{}},{"ancestorTitles":["Database Sync — Seed Constants Integrity","Seed-Production Sync Results Shape"],"fullName":"Database Sync — Seed Constants Integrity Seed-Production Sync Results Shape returns success flag","status":"passed","title":"returns success flag","duration":0.19970000000012078,"failureMessages":[],"meta":{}},{"ancestorTitles":["Database Sync — Seed Constants Integrity","Seed-Production Sync Results Shape"],"fullName":"Database Sync — Seed Constants Integrity Seed-Production Sync Results Shape has results for all entity types","status":"passed","title":"has results for all entity types","duration":0.5437700000002224,"failureMessages":[],"meta":{}},{"ancestorTitles":["Database Sync — Seed Constants Integrity","Seed-Production Sync Results Shape"],"fullName":"Database Sync — Seed Constants Integrity Seed-Production Sync Results Shape sync mode updates global assumptions (not creates/skips)","status":"passed","title":"sync mode updates global assumptions (not creates/skips)","duration":0.11069999999995161,"failureMessages":[],"meta":{}},{"ancestorTitles":["Database Sync — Seed Constants Integrity","Seed-Production Sync Results Shape"],"fullName":"Database Sync — Seed Constants Integrity Seed-Production Sync Results Shape sync mode updates all properties","status":"passed","title":"sync mode updates all properties","duration":0.11655000000018845,"failureMessages":[],"meta":{}},{"ancestorTitles":["Database Sync — Seed Constants Integrity","Seed-Production Sync Results Shape"],"fullName":"Database Sync — Seed Constants Integrity Seed-Production Sync Results Shape sync mode updates fee categories","status":"passed","title":"sync mode updates fee categories","duration":0.08659999999986212,"failureMessages":[],"meta":{}},{"ancestorTitles":["Database Sync — Seed Constants Integrity","Seed-Production Sync Results Shape"],"fullName":"Database Sync — Seed Constants Integrity Seed-Production Sync Results Shape users are not overwritten in sync mode (only created if missing)","status":"passed","title":"users are not overwritten in sync mode (only created if missing)","duration":0.06520000000000437,"failureMessages":[],"meta":{}}],"startTime":1772924673808,"endTime":1772924673853.1165,"status":"passed","message":"","name":"/home/runner/workspace/tests/admin/database-sync.test.ts"},{"assertionResults":[{"ancestorTitles":["Fill-Only Sync — isFieldEmpty"],"fullName":"Fill-Only Sync — isFieldEmpty treats null as empty","status":"passed","title":"treats null as empty","duration":1.3933799999999792,"failureMessages":[],"meta":{}},{"ancestorTitles":["Fill-Only Sync — isFieldEmpty"],"fullName":"Fill-Only Sync — isFieldEmpty treats undefined as empty","status":"passed","title":"treats undefined as empty","duration":0.19723999999996522,"failureMessages":[],"meta":{}},{"ancestorTitles":["Fill-Only Sync — isFieldEmpty"],"fullName":"Fill-Only Sync — isFieldEmpty treats empty string as empty","status":"passed","title":"treats empty string as empty","duration":0.2813100000000759,"failureMessages":[],"meta":{}},{"ancestorTitles":["Fill-Only Sync — isFieldEmpty"],"fullName":"Fill-Only Sync — isFieldEmpty treats zero as NOT empty (valid numeric value)","status":"passed","title":"treats zero as NOT empty (valid numeric value)","duration":0.1763699999999062,"failureMessages":[],"meta":{}},{"ancestorTitles":["Fill-Only Sync — isFieldEmpty"],"fullName":"Fill-Only Sync — isFieldEmpty treats false as NOT empty (valid boolean)","status":"passed","title":"treats false as NOT empty (valid boolean)","duration":0.20161000000007334,"failureMessages":[],"meta":{}},{"ancestorTitles":["Fill-Only Sync — isFieldEmpty"],"fullName":"Fill-Only Sync — isFieldEmpty treats non-empty string as NOT empty","status":"passed","title":"treats non-empty string as NOT empty","duration":0.14878999999996267,"failureMessages":[],"meta":{}},{"ancestorTitles":["Fill-Only Sync — isFieldEmpty"],"fullName":"Fill-Only Sync — isFieldEmpty treats number as NOT empty","status":"passed","title":"treats number as NOT empty","duration":0.14165000000002692,"failureMessages":[],"meta":{}},{"ancestorTitles":["Fill-Only Sync — isFieldEmpty"],"fullName":"Fill-Only Sync — isFieldEmpty treats object as NOT empty","status":"passed","title":"treats object as NOT empty","duration":0.18290000000001783,"failureMessages":[],"meta":{}},{"ancestorTitles":["Fill-Only Sync — isFieldEmpty"],"fullName":"Fill-Only Sync — isFieldEmpty treats array as NOT empty","status":"passed","title":"treats array as NOT empty","duration":0.5308600000000752,"failureMessages":[],"meta":{}},{"ancestorTitles":["Fill-Only Sync — fillMissingFields"],"fullName":"Fill-Only Sync — fillMissingFields fills null fields from defaults","status":"passed","title":"fills null fields from defaults","duration":1.055599999999913,"failureMessages":[],"meta":{}},{"ancestorTitles":["Fill-Only Sync — fillMissingFields"],"fullName":"Fill-Only Sync — fillMissingFields fills undefined fields from defaults","status":"passed","title":"fills undefined fields from defaults","duration":0.23205000000007203,"failureMessages":[],"meta":{}},{"ancestorTitles":["Fill-Only Sync — fillMissingFields"],"fullName":"Fill-Only Sync — fillMissingFields does NOT overwrite existing non-empty values","status":"passed","title":"does NOT overwrite existing non-empty values","duration":0.17011999999999716,"failureMessages":[],"meta":{}},{"ancestorTitles":["Fill-Only Sync — fillMissingFields"],"fullName":"Fill-Only Sync — fillMissingFields preserves zero values (does not treat as empty)","status":"passed","title":"preserves zero values (does not treat as empty)","duration":0.1677100000001701,"failureMessages":[],"meta":{}},{"ancestorTitles":["Fill-Only Sync — fillMissingFields"],"fullName":"Fill-Only Sync — fillMissingFields excludes id/createdAt/updatedAt/userId by default","status":"passed","title":"excludes id/createdAt/updatedAt/userId by default","duration":0.9715400000000045,"failureMessages":[],"meta":{}},{"ancestorTitles":["Fill-Only Sync — fillMissingFields"],"fullName":"Fill-Only Sync — fillMissingFields respects custom excludeKeys","status":"passed","title":"respects custom excludeKeys","duration":0.3068399999999656,"failureMessages":[],"meta":{}},{"ancestorTitles":["Fill-Only Sync — fillMissingFields"],"fullName":"Fill-Only Sync — fillMissingFields returns empty object when all fields populated","status":"passed","title":"returns empty object when all fields populated","duration":1.0159199999998236,"failureMessages":[],"meta":{}},{"ancestorTitles":["Fill-Only Sync — fillMissingFields"],"fullName":"Fill-Only Sync — fillMissingFields fills empty string fields","status":"passed","title":"fills empty string fields","duration":0.23669999999992797,"failureMessages":[],"meta":{}},{"ancestorTitles":["Fill-Only Sync — Seed Constants Alignment"],"fullName":"Fill-Only Sync — Seed Constants Alignment SEED_GLOBAL_ASSUMPTIONS.baseManagementFee matches constant","status":"passed","title":"SEED_GLOBAL_ASSUMPTIONS.baseManagementFee matches constant","duration":0.14645999999993364,"failureMessages":[],"meta":{}},{"ancestorTitles":["Fill-Only Sync — Seed Constants Alignment"],"fullName":"Fill-Only Sync — Seed Constants Alignment SEED_GLOBAL_ASSUMPTIONS.incentiveManagementFee matches constant","status":"passed","title":"SEED_GLOBAL_ASSUMPTIONS.incentiveManagementFee matches constant","duration":0.112920000000031,"failureMessages":[],"meta":{}},{"ancestorTitles":["Fill-Only Sync — Seed Constants Alignment"],"fullName":"Fill-Only Sync — Seed Constants Alignment SEED_GLOBAL_ASSUMPTIONS.exitCapRate matches constant","status":"passed","title":"SEED_GLOBAL_ASSUMPTIONS.exitCapRate matches constant","duration":0.18483000000014727,"failureMessages":[],"meta":{}},{"ancestorTitles":["Fill-Only Sync — Seed Constants Alignment"],"fullName":"Fill-Only Sync — Seed Constants Alignment SEED_GLOBAL_ASSUMPTIONS.commissionRate matches constant","status":"passed","title":"SEED_GLOBAL_ASSUMPTIONS.commissionRate matches constant","duration":0.11708999999996195,"failureMessages":[],"meta":{}},{"ancestorTitles":["Fill-Only Sync — Seed Constants Alignment"],"fullName":"Fill-Only Sync — Seed Constants Alignment SEED_GLOBAL_ASSUMPTIONS.companyTaxRate matches constant","status":"passed","title":"SEED_GLOBAL_ASSUMPTIONS.companyTaxRate matches constant","duration":0.10278999999991356,"failureMessages":[],"meta":{}},{"ancestorTitles":["Fill-Only Sync — Seed Constants Alignment"],"fullName":"Fill-Only Sync — Seed Constants Alignment SEED_GLOBAL_ASSUMPTIONS.safeValuationCap matches constant","status":"passed","title":"SEED_GLOBAL_ASSUMPTIONS.safeValuationCap matches constant","duration":0.1392799999998715,"failureMessages":[],"meta":{}},{"ancestorTitles":["Fill-Only Sync — Seed Constants Alignment"],"fullName":"Fill-Only Sync — Seed Constants Alignment SEED_GLOBAL_ASSUMPTIONS.safeDiscountRate matches constant","status":"passed","title":"SEED_GLOBAL_ASSUMPTIONS.safeDiscountRate matches constant","duration":0.10767999999984568,"failureMessages":[],"meta":{}},{"ancestorTitles":["Fill-Only Sync — Seed Constants Alignment"],"fullName":"Fill-Only Sync — Seed Constants Alignment SEED_PROPERTY_DEFAULTS.baseManagementFeeRate matches constant","status":"passed","title":"SEED_PROPERTY_DEFAULTS.baseManagementFeeRate matches constant","duration":0.1149000000000342,"failureMessages":[],"meta":{}},{"ancestorTitles":["Fill-Only Sync — Seed Constants Alignment"],"fullName":"Fill-Only Sync — Seed Constants Alignment SEED_PROPERTY_DEFAULTS.incentiveManagementFeeRate matches constant","status":"passed","title":"SEED_PROPERTY_DEFAULTS.incentiveManagementFeeRate matches constant","duration":0.10465999999996711,"failureMessages":[],"meta":{}},{"ancestorTitles":["Fill-Only Sync — Seed Constants Alignment"],"fullName":"Fill-Only Sync — Seed Constants Alignment DEFAULT_FEE_CATEGORIES has 5 categories","status":"passed","title":"DEFAULT_FEE_CATEGORIES has 5 categories","duration":0.1942300000000614,"failureMessages":[],"meta":{}},{"ancestorTitles":["Fill-Only Sync — Seed Constants Alignment"],"fullName":"Fill-Only Sync — Seed Constants Alignment DEFAULT_FEE_CATEGORIES rates sum to base management fee","status":"passed","title":"DEFAULT_FEE_CATEGORIES rates sum to base management fee","duration":0.20202999999992244,"failureMessages":[],"meta":{}},{"ancestorTitles":["Fill-Only Sync — Seed Constants Alignment"],"fullName":"Fill-Only Sync — Seed Constants Alignment DEFAULT_FEE_CATEGORIES match shared/constants categories","status":"passed","title":"DEFAULT_FEE_CATEGORIES match shared/constants categories","duration":0.5151600000001508,"failureMessages":[],"meta":{}},{"ancestorTitles":["Fill-Only Sync — Behavioral Contract"],"fullName":"Fill-Only Sync — Behavioral Contract never overwrites a user-set inflation rate","status":"passed","title":"never overwrites a user-set inflation rate","duration":0.27725999999984197,"failureMessages":[],"meta":{}},{"ancestorTitles":["Fill-Only Sync — Behavioral Contract"],"fullName":"Fill-Only Sync — Behavioral Contract never overwrites a user-set exit cap rate","status":"passed","title":"never overwrites a user-set exit cap rate","duration":0.30496999999991203,"failureMessages":[],"meta":{}},{"ancestorTitles":["Fill-Only Sync — Behavioral Contract"],"fullName":"Fill-Only Sync — Behavioral Contract never overwrites a user-set company name","status":"passed","title":"never overwrites a user-set company name","duration":0.2515699999999015,"failureMessages":[],"meta":{}},{"ancestorTitles":["Fill-Only Sync — Behavioral Contract"],"fullName":"Fill-Only Sync — Behavioral Contract never overwrites a user-set management fee rate","status":"passed","title":"never overwrites a user-set management fee rate","duration":0.25791000000003805,"failureMessages":[],"meta":{}},{"ancestorTitles":["Fill-Only Sync — Behavioral Contract"],"fullName":"Fill-Only Sync — Behavioral Contract fills companyName when it is null","status":"passed","title":"fills companyName when it is null","duration":0.2729699999999866,"failureMessages":[],"meta":{}},{"ancestorTitles":["Fill-Only Sync — Behavioral Contract"],"fullName":"Fill-Only Sync — Behavioral Contract fills exit cap rate when undefined","status":"passed","title":"fills exit cap rate when undefined","duration":0.3452199999999266,"failureMessages":[],"meta":{}},{"ancestorTitles":["Fill-Only Sync — Behavioral Contract"],"fullName":"Fill-Only Sync — Behavioral Contract SAFE tranche amounts total $2M","status":"passed","title":"SAFE tranche amounts total $2M","duration":0.18209000000001652,"failureMessages":[],"meta":{}},{"ancestorTitles":["Fill-Only Sync — Behavioral Contract"],"fullName":"Fill-Only Sync — Behavioral Contract SAFE tranche 2 date is after tranche 1","status":"passed","title":"SAFE tranche 2 date is after tranche 1","duration":0.181479999999965,"failureMessages":[],"meta":{}},{"ancestorTitles":["Fill-Only Sync — Response Shape"],"fullName":"Fill-Only Sync — Response Shape has globalAssumptions with created/skipped/filled","status":"passed","title":"has globalAssumptions with created/skipped/filled","duration":0.18713000000002467,"failureMessages":[],"meta":{}},{"ancestorTitles":["Fill-Only Sync — Response Shape"],"fullName":"Fill-Only Sync — Response Shape has properties with created/skipped/filled","status":"passed","title":"has properties with created/skipped/filled","duration":0.2923799999998664,"failureMessages":[],"meta":{}},{"ancestorTitles":["Fill-Only Sync — Response Shape"],"fullName":"Fill-Only Sync — Response Shape has propertyFeeCategories with created/skipped (no updated — fill only)","status":"passed","title":"has propertyFeeCategories with created/skipped (no updated — fill only)","duration":0.2049800000002051,"failureMessages":[],"meta":{}},{"ancestorTitles":["Fill-Only Sync — Response Shape"],"fullName":"Fill-Only Sync — Response Shape has designThemes with created/skipped","status":"passed","title":"has designThemes with created/skipped","duration":0.151299999999992,"failureMessages":[],"meta":{}},{"ancestorTitles":["Fill-Only Sync — Response Shape"],"fullName":"Fill-Only Sync — Response Shape fill-only results never include 'updated' for global assumptions","status":"passed","title":"fill-only results never include 'updated' for global assumptions","duration":0.13017000000013468,"failureMessages":[],"meta":{}}],"startTime":1772924676986,"endTime":1772924677002.1301,"status":"passed","message":"","name":"/home/runner/workspace/tests/admin/fill-only-sync.test.ts"},{"assertionResults":[{"ancestorTitles":["Marcela Agent Config","getBaseUrl()"],"fullName":"Marcela Agent Config getBaseUrl() returns REPL_SLUG/OWNER URL when both set","status":"passed","title":"returns REPL_SLUG/OWNER URL when both set","duration":2.2307099999998172,"failureMessages":[],"meta":{}},{"ancestorTitles":["Marcela Agent Config","getBaseUrl()"],"fullName":"Marcela Agent Config getBaseUrl() returns REPLIT_DEV_DOMAIN URL when set","status":"passed","title":"returns REPLIT_DEV_DOMAIN URL when set","duration":0.20224000000007436,"failureMessages":[],"meta":{}},{"ancestorTitles":["Marcela Agent Config","getBaseUrl()"],"fullName":"Marcela Agent Config getBaseUrl() falls back to localhost:5000","status":"passed","title":"falls back to localhost:5000","duration":0.25388999999995576,"failureMessages":[],"meta":{}},{"ancestorTitles":["Marcela Agent Config","buildClientTools()"],"fullName":"Marcela Agent Config buildClientTools() returns 12 client tools with correct schema","status":"passed","title":"returns 12 client tools with correct schema","duration":2.683190000000195,"failureMessages":[],"meta":{}},{"ancestorTitles":["Marcela Agent Config","buildClientTools()"],"fullName":"Marcela Agent Config buildClientTools() includes all expected navigation tools","status":"passed","title":"includes all expected navigation tools","duration":1.2056199999997261,"failureMessages":[],"meta":{}},{"ancestorTitles":["Marcela Agent Config","buildClientTools()"],"fullName":"Marcela Agent Config buildClientTools() required fields exist in properties","status":"passed","title":"required fields exist in properties","duration":0.35577999999986787,"failureMessages":[],"meta":{}},{"ancestorTitles":["Marcela Agent Config","buildServerTools()"],"fullName":"Marcela Agent Config buildServerTools() returns 6 webhook tools with correct schema","status":"passed","title":"returns 6 webhook tools with correct schema","duration":0.681079999999838,"failureMessages":[],"meta":{}},{"ancestorTitles":["Marcela Agent Config","buildServerTools()"],"fullName":"Marcela Agent Config buildServerTools() includes all expected server tools","status":"passed","title":"includes all expected server tools","duration":0.359639999999672,"failureMessages":[],"meta":{}},{"ancestorTitles":["Marcela Agent Config","buildServerTools()"],"fullName":"Marcela Agent Config buildServerTools() tools with URL placeholders have matching path_params_schema","status":"passed","title":"tools with URL placeholders have matching path_params_schema","duration":0.6357699999998658,"failureMessages":[],"meta":{}},{"ancestorTitles":["Marcela Agent Config","Model & Voice Registries"],"fullName":"Marcela Agent Config Model & Voice Registries LLM models have no duplicates and cover all providers","status":"passed","title":"LLM models have no duplicates and cover all providers","duration":0.482340000000022,"failureMessages":[],"meta":{}},{"ancestorTitles":["Marcela Agent Config","Model & Voice Registries"],"fullName":"Marcela Agent Config Model & Voice Registries TTS/STT/Output format registries have no duplicates","status":"passed","title":"TTS/STT/Output format registries have no duplicates","duration":0.20340000000032887,"failureMessages":[],"meta":{}},{"ancestorTitles":["Marcela Agent Config","Model & Voice Registries"],"fullName":"Marcela Agent Config Model & Voice Registries voice config defaults align with registries","status":"passed","title":"voice config defaults align with registries","duration":0.2501900000002024,"failureMessages":[],"meta":{}}],"startTime":1772924678097,"endTime":1772924678107.2502,"status":"passed","message":"","name":"/home/runner/workspace/tests/ai_agent/agent-config.test.ts"},{"assertionResults":[{"ancestorTitles":["Audio Encoding — mu-law codec"],"fullName":"Audio Encoding — mu-law codec all 256 mu-law values decode to valid 16-bit PCM range","status":"passed","title":"all 256 mu-law values decode to valid 16-bit PCM range","duration":19.66332999999986,"failureMessages":[],"meta":{}},{"ancestorTitles":["Audio Encoding — mu-law codec"],"fullName":"Audio Encoding — mu-law codec encode produces valid byte values (0-255)","status":"passed","title":"encode produces valid byte values (0-255)","duration":4.057150000000092,"failureMessages":[],"meta":{}},{"ancestorTitles":["Audio Encoding — mu-law codec"],"fullName":"Audio Encoding — mu-law codec distinct input ranges produce distinct encoded values","status":"passed","title":"distinct input ranges produce distinct encoded values","duration":0.781840000000102,"failureMessages":[],"meta":{}},{"ancestorTitles":["Audio Encoding — mu-law codec"],"fullName":"Audio Encoding — mu-law codec positive and negative samples encode to different bytes","status":"passed","title":"positive and negative samples encode to different bytes","duration":0.17380000000002838,"failureMessages":[],"meta":{}},{"ancestorTitles":["mulawBufferToWav"],"fullName":"mulawBufferToWav produces a valid WAV header","status":"passed","title":"produces a valid WAV header","duration":2.1169199999999364,"failureMessages":[],"meta":{}},{"ancestorTitles":["mulawBufferToWav"],"fullName":"mulawBufferToWav total WAV size = 44 header + 2 * samples","status":"passed","title":"total WAV size = 44 header + 2 * samples","duration":0.3749599999998736,"failureMessages":[],"meta":{}},{"ancestorTitles":["pcm16ToMulaw"],"fullName":"pcm16ToMulaw output length = input samples (input bytes / 2)","status":"passed","title":"output length = input samples (input bytes / 2)","duration":0.353020000000015,"failureMessages":[],"meta":{}},{"ancestorTitles":["pcm16ToMulaw"],"fullName":"pcm16ToMulaw roundtrips: PCM → mu-law → WAV preserves valid samples","status":"passed","title":"roundtrips: PCM → mu-law → WAV preserves valid samples","duration":0.7694700000001831,"failureMessages":[],"meta":{}},{"ancestorTitles":["downsample"],"fullName":"downsample halves sample count when downsampling 16kHz to 8kHz","status":"passed","title":"halves sample count when downsampling 16kHz to 8kHz","duration":0.523680000000013,"failureMessages":[],"meta":{}},{"ancestorTitles":["downsample"],"fullName":"downsample preserves sample values (picks nearest sample)","status":"passed","title":"preserves sample values (picks nearest sample)","duration":0.29331999999999425,"failureMessages":[],"meta":{}},{"ancestorTitles":["escapeXml"],"fullName":"escapeXml escapes all XML special characters","status":"passed","title":"escapes all XML special characters","duration":8.350349999999935,"failureMessages":[],"meta":{}},{"ancestorTitles":["escapeXml"],"fullName":"escapeXml passes through plain text unchanged","status":"passed","title":"passes through plain text unchanged","duration":0.18041999999991276,"failureMessages":[],"meta":{}},{"ancestorTitles":["escapeXml"],"fullName":"escapeXml escapes ampersand before other entities (order matters)","status":"passed","title":"escapes ampersand before other entities (order matters)","duration":0.11052999999992608,"failureMessages":[],"meta":{}},{"ancestorTitles":["buildSystemPrompt"],"fullName":"buildSystemPrompt phone channel includes phone instructions, not SMS","status":"passed","title":"phone channel includes phone instructions, not SMS","duration":1.5508299999999053,"failureMessages":[],"meta":{}},{"ancestorTitles":["buildSystemPrompt"],"fullName":"buildSystemPrompt sms channel includes SMS instructions, not phone","status":"passed","title":"sms channel includes SMS instructions, not phone","duration":0.2655099999999493,"failureMessages":[],"meta":{}},{"ancestorTitles":["buildSystemPrompt"],"fullName":"buildSystemPrompt admin flag adds admin note","status":"passed","title":"admin flag adds admin note","duration":0.14974000000006527,"failureMessages":[],"meta":{}},{"ancestorTitles":["buildSystemPrompt"],"fullName":"buildSystemPrompt always includes no-calculation directive","status":"passed","title":"always includes no-calculation directive","duration":0.1851800000001731,"failureMessages":[],"meta":{}}],"startTime":1772924668355,"endTime":1772924668398.2656,"status":"passed","message":"","name":"/home/runner/workspace/tests/ai_agent/audio-encoding.test.ts"},{"assertionResults":[{"ancestorTitles":["Knowledge Base — RAG Context Builder"],"fullName":"Knowledge Base — RAG Context Builder returns empty string for empty chunks","status":"passed","title":"returns empty string for empty chunks","duration":1.1384299999999712,"failureMessages":[],"meta":{}},{"ancestorTitles":["Knowledge Base — RAG Context Builder"],"fullName":"Knowledge Base — RAG Context Builder builds context with header and sections","status":"passed","title":"builds context with header and sections","duration":0.47915999999986525,"failureMessages":[],"meta":{}},{"ancestorTitles":["Knowledge Base — RAG Context Builder"],"fullName":"Knowledge Base — RAG Context Builder respects MAX_RAG_CONTEXT_CHARS limit","status":"passed","title":"respects MAX_RAG_CONTEXT_CHARS limit","duration":0.400300000000243,"failureMessages":[],"meta":{}},{"ancestorTitles":["Knowledge Base — RAG Context Builder"],"fullName":"Knowledge Base — RAG Context Builder includes source attribution in section headers","status":"passed","title":"includes source attribution in section headers","duration":0.369579999999587,"failureMessages":[],"meta":{}},{"ancestorTitles":["Knowledge Base — Document Preview"],"fullName":"Knowledge Base — Document Preview returns sections count, character count, and preview","status":"passed","title":"returns sections count, character count, and preview","duration":0.6267200000002049,"failureMessages":[],"meta":{}},{"ancestorTitles":["Knowledge Base — Document Preview"],"fullName":"Knowledge Base — Document Preview preview starts with company description","status":"passed","title":"preview starts with company description","duration":0.1394199999999728,"failureMessages":[],"meta":{}}],"startTime":1772924691912,"endTime":1772924691915.6267,"status":"passed","message":"","name":"/home/runner/workspace/tests/ai_agent/knowledge-base.test.ts"},{"assertionResults":[{"ancestorTitles":["splitIntoChunks"],"fullName":"splitIntoChunks produces 1 chunk for short text","status":"passed","title":"produces 1 chunk for short text","duration":4.187910000000102,"failureMessages":[],"meta":{}},{"ancestorTitles":["splitIntoChunks"],"fullName":"splitIntoChunks filters paragraphs shorter than 20 chars","status":"passed","title":"filters paragraphs shorter than 20 chars","duration":0.5771399999998721,"failureMessages":[],"meta":{}},{"ancestorTitles":["splitIntoChunks"],"fullName":"splitIntoChunks splits long text into multiple chunks","status":"passed","title":"splits long text into multiple chunks","duration":0.5457599999999729,"failureMessages":[],"meta":{}},{"ancestorTitles":["splitIntoChunks"],"fullName":"splitIntoChunks extracts markdown header titles","status":"passed","title":"extracts markdown header titles","duration":0.3721099999997932,"failureMessages":[],"meta":{}},{"ancestorTitles":["splitIntoChunks"],"fullName":"splitIntoChunks chunks have overlap content","status":"passed","title":"chunks have overlap content","duration":0.6929800000000341,"failureMessages":[],"meta":{}},{"ancestorTitles":["splitIntoChunks"],"fullName":"splitIntoChunks returns empty array for text with only tiny paragraphs","status":"passed","title":"returns empty array for text with only tiny paragraphs","duration":0.5046500000000833,"failureMessages":[],"meta":{}},{"ancestorTitles":["splitIntoChunks"],"fullName":"splitIntoChunks handles text with no paragraph breaks","status":"passed","title":"handles text with no paragraph breaks","duration":0.35457000000019434,"failureMessages":[],"meta":{}},{"ancestorTitles":["splitIntoChunks"],"fullName":"splitIntoChunks preserves source and category across all chunks","status":"passed","title":"preserves source and category across all chunks","duration":0.7597500000001673,"failureMessages":[],"meta":{}},{"ancestorTitles":["cosineSimilarity"],"fullName":"cosineSimilarity returns 1.0 for identical vectors","status":"passed","title":"returns 1.0 for identical vectors","duration":0.33156000000008135,"failureMessages":[],"meta":{}},{"ancestorTitles":["cosineSimilarity"],"fullName":"cosineSimilarity returns 0.0 for orthogonal vectors","status":"passed","title":"returns 0.0 for orthogonal vectors","duration":0.2272499999999127,"failureMessages":[],"meta":{}},{"ancestorTitles":["cosineSimilarity"],"fullName":"cosineSimilarity returns -1.0 for opposite vectors","status":"passed","title":"returns -1.0 for opposite vectors","duration":0.16114999999990687,"failureMessages":[],"meta":{}},{"ancestorTitles":["cosineSimilarity"],"fullName":"cosineSimilarity handles unit vectors correctly","status":"passed","title":"handles unit vectors correctly","duration":0.12109000000009473,"failureMessages":[],"meta":{}},{"ancestorTitles":["cosineSimilarity"],"fullName":"cosineSimilarity is symmetric","status":"passed","title":"is symmetric","duration":0.1111599999999271,"failureMessages":[],"meta":{}},{"ancestorTitles":["cosineSimilarity"],"fullName":"cosineSimilarity is scale-invariant","status":"passed","title":"is scale-invariant","duration":0.16356000000018867,"failureMessages":[],"meta":{}},{"ancestorTitles":["cosineSimilarity"],"fullName":"cosineSimilarity returns value between -1 and 1 for arbitrary vectors","status":"passed","title":"returns value between -1 and 1 for arbitrary vectors","duration":0.28030999999987216,"failureMessages":[],"meta":{}}],"startTime":1772924685465,"endTime":1772924685475.2803,"status":"passed","message":"","name":"/home/runner/workspace/tests/ai_agent/rag-chunking.test.ts"},{"assertionResults":[{"ancestorTitles":["Voice Config (buildVoiceConfigFromDB)"],"fullName":"Voice Config (buildVoiceConfigFromDB) returns defaults when all fields are empty","status":"passed","title":"returns defaults when all fields are empty","duration":2.438810000000103,"failureMessages":[],"meta":{}},{"ancestorTitles":["Voice Config (buildVoiceConfigFromDB)"],"fullName":"Voice Config (buildVoiceConfigFromDB) uses DB values when provided","status":"passed","title":"uses DB values when provided","duration":0.4510299999997187,"failureMessages":[],"meta":{}},{"ancestorTitles":["Voice Config (buildVoiceConfigFromDB)"],"fullName":"Voice Config (buildVoiceConfigFromDB) handles partial overrides (mixed DB and defaults)","status":"passed","title":"handles partial overrides (mixed DB and defaults)","duration":0.26612999999997555,"failureMessages":[],"meta":{}},{"ancestorTitles":["Voice Config (buildVoiceConfigFromDB)"],"fullName":"Voice Config (buildVoiceConfigFromDB) uses nullish coalescing for numeric 0 values","status":"passed","title":"uses nullish coalescing for numeric 0 values","duration":0.26198999999996886,"failureMessages":[],"meta":{}},{"ancestorTitles":["Voice Config (buildVoiceConfigFromDB)"],"fullName":"Voice Config (buildVoiceConfigFromDB) parses chunk schedule from comma-separated string","status":"passed","title":"parses chunk schedule from comma-separated string","duration":0.3818100000003142,"failureMessages":[],"meta":{}},{"ancestorTitles":["Voice Config (buildVoiceConfigFromDB)"],"fullName":"Voice Config (buildVoiceConfigFromDB) filters NaN values from chunk schedule","status":"passed","title":"filters NaN values from chunk schedule","duration":0.2157799999999952,"failureMessages":[],"meta":{}},{"ancestorTitles":["Voice Config (buildVoiceConfigFromDB)"],"fullName":"Voice Config (buildVoiceConfigFromDB) returns VoiceConfig shape with all required fields","status":"passed","title":"returns VoiceConfig shape with all required fields","duration":0.4650499999997919,"failureMessages":[],"meta":{}}],"startTime":1772924683636,"endTime":1772924683641.465,"status":"passed","message":"","name":"/home/runner/workspace/tests/ai_agent/voice-config.test.ts"},{"assertionResults":[{"ancestorTitles":["computeFCF — basic funding event"],"fullName":"computeFCF — basic funding event computes FCFE for a funding event (no IS activity)","status":"passed","title":"computes FCFE for a funding event (no IS activity)","duration":7.489280000000008,"failureMessages":[],"meta":{}},{"ancestorTitles":["computeFCF — debt service event"],"fullName":"computeFCF — debt service event computes FCFE for interest + principal payment","status":"passed","title":"computes FCFE for interest + principal payment","duration":0.42140999999992346,"failureMessages":[],"meta":{}},{"ancestorTitles":["computeFCF — acquisition event"],"fullName":"computeFCF — acquisition event identifies capex from property purchase","status":"passed","title":"identifies capex from property purchase","duration":1.626260000000002,"failureMessages":[],"meta":{}},{"ancestorTitles":["computeFCF — totals"],"fullName":"computeFCF — totals sums totals across periods","status":"passed","title":"sums totals across periods","duration":0.5623199999999997,"failureMessages":[],"meta":{}},{"ancestorTitles":["computeFCF — empty input"],"fullName":"computeFCF — empty input returns empty for no data","status":"passed","title":"returns empty for no data","duration":0.28644999999983156,"failureMessages":[],"meta":{}}],"startTime":1772924689570,"endTime":1772924689580.5623,"status":"passed","message":"","name":"/home/runner/workspace/tests/analytics/fcf.test.ts"},{"assertionResults":[{"ancestorTitles":["FCFE two-method reconciliation — Direct vs From-NI"],"fullName":"FCFE two-method reconciliation — Direct vs From-NI Method 1 (Direct) equals Method 2 (From NI) for operating period","status":"passed","title":"Method 1 (Direct) equals Method 2 (From NI) for operating period","duration":1.310649999999896,"failureMessages":[],"meta":{}},{"ancestorTitles":["FCFE two-method reconciliation — Direct vs From-NI"],"fullName":"FCFE two-method reconciliation — Direct vs From-NI Methods agree with zero debt (cash purchase)","status":"passed","title":"Methods agree with zero debt (cash purchase)","duration":0.5246199999999135,"failureMessages":[],"meta":{}},{"ancestorTitles":["FCFE two-method reconciliation — Direct vs From-NI"],"fullName":"FCFE two-method reconciliation — Direct vs From-NI Methods agree with high leverage","status":"passed","title":"Methods agree with high leverage","duration":0.5082400000001144,"failureMessages":[],"meta":{}},{"ancestorTitles":["FCFE two-method reconciliation — Direct vs From-NI"],"fullName":"FCFE two-method reconciliation — Direct vs From-NI Methods agree when taxable income is negative (tax shield)","status":"passed","title":"Methods agree when taxable income is negative (tax shield)","duration":0.40719000000012784,"failureMessages":[],"meta":{}},{"ancestorTitles":["FCFE two-method reconciliation — Direct vs From-NI"],"fullName":"FCFE two-method reconciliation — Direct vs From-NI Methods agree with refinancing proceeds","status":"passed","title":"Methods agree with refinancing proceeds","duration":0.2287499999999909,"failureMessages":[],"meta":{}},{"ancestorTitles":["FCFE via computeFCF — ledger-derived values"],"fullName":"FCFE via computeFCF — ledger-derived values FCFE for operating period with interest and depreciation","status":"passed","title":"FCFE for operating period with interest and depreciation","duration":0.9439899999999852,"failureMessages":[],"meta":{}},{"ancestorTitles":["FCFE via computeFCF — ledger-derived values"],"fullName":"FCFE via computeFCF — ledger-derived values FCFF formula: NI + Depreciation + Interest - CapEx","status":"passed","title":"FCFF formula: NI + Depreciation + Interest - CapEx","duration":0.5720199999998385,"failureMessages":[],"meta":{}},{"ancestorTitles":["FCFE via computeFCF — ledger-derived values"],"fullName":"FCFE via computeFCF — ledger-derived values FCFE formula: FCFF - Interest + Net Borrowing","status":"passed","title":"FCFE formula: FCFF - Interest + Net Borrowing","duration":0.932549999999992,"failureMessages":[],"meta":{}}],"startTime":1772924687623,"endTime":1772924687628.9326,"status":"passed","message":"","name":"/home/runner/workspace/tests/analytics/fcfe-reconciliation.test.ts"},{"assertionResults":[{"ancestorTitles":["golden — events → statements → FCF → returns"],"fullName":"golden — events → statements → FCF → returns statements: all events post without errors","status":"passed","title":"statements: all events post without errors","duration":25.90590999999995,"failureMessages":[],"meta":{}},{"ancestorTitles":["golden — events → statements → FCF → returns"],"fullName":"golden — events → statements → FCF → returns statements: BS balanced through exit","status":"passed","title":"statements: BS balanced through exit","duration":101.23227899999983,"failureMessages":[],"meta":{}},{"ancestorTitles":["golden — events → statements → FCF → returns"],"fullName":"golden — events → statements → FCF → returns FCF: derives correct values per period","status":"passed","title":"FCF: derives correct values per period","duration":9.795239999999922,"failureMessages":[],"meta":{}},{"ancestorTitles":["golden — events → statements → FCF → returns"],"fullName":"golden — events → statements → FCF → returns returns: IRR from FCFE cash flow array","status":"passed","title":"returns: IRR from FCFE cash flow array","duration":3.5644899999997506,"failureMessages":[],"meta":{}},{"ancestorTitles":["golden — events → statements → FCF → returns"],"fullName":"golden — events → statements → FCF → returns returns: MOIC from FCFE","status":"passed","title":"returns: MOIC from FCFE","duration":2.2786999999998443,"failureMessages":[],"meta":{}},{"ancestorTitles":["golden — events → statements → FCF → returns"],"fullName":"golden — events → statements → FCF → returns returns: full metrics output structure","status":"passed","title":"returns: full metrics output structure","duration":2.8447400000000016,"failureMessages":[],"meta":{}}],"startTime":1772924671181,"endTime":1772924671336.8447,"status":"passed","message":"","name":"/home/runner/workspace/tests/analytics/golden.test.ts"},{"assertionResults":[{"ancestorTitles":["Realistic 10-year hotel scenario — assumptions through IRR"],"fullName":"Realistic 10-year hotel scenario — assumptions through IRR equity invested is correctly calculated","status":"passed","title":"equity invested is correctly calculated","duration":1.29878999999994,"failureMessages":[],"meta":{}},{"ancestorTitles":["Realistic 10-year hotel scenario — assumptions through IRR"],"fullName":"Realistic 10-year hotel scenario — assumptions through IRR annual debt service is positive and reasonable","status":"passed","title":"annual debt service is positive and reasonable","duration":0.3521100000000388,"failureMessages":[],"meta":{}},{"ancestorTitles":["Realistic 10-year hotel scenario — assumptions through IRR"],"fullName":"Realistic 10-year hotel scenario — assumptions through IRR DSCR above 1.0 for all operating years","status":"passed","title":"DSCR above 1.0 for all operating years","duration":0.41755000000000564,"failureMessages":[],"meta":{}},{"ancestorTitles":["Realistic 10-year hotel scenario — assumptions through IRR"],"fullName":"Realistic 10-year hotel scenario — assumptions through IRR FCFE = NOI - Debt Service - Tax for each year","status":"passed","title":"FCFE = NOI - Debt Service - Tax for each year","duration":0.5655899999999292,"failureMessages":[],"meta":{}},{"ancestorTitles":["Realistic 10-year hotel scenario — assumptions through IRR"],"fullName":"Realistic 10-year hotel scenario — assumptions through IRR FCFE direct method matches from-NI method for every year","status":"passed","title":"FCFE direct method matches from-NI method for every year","duration":0.43891999999993914,"failureMessages":[],"meta":{}},{"ancestorTitles":["Realistic 10-year hotel scenario — assumptions through IRR"],"fullName":"Realistic 10-year hotel scenario — assumptions through IRR IRR from full 10-year cash flow vector converges and NPV=0","status":"passed","title":"IRR from full 10-year cash flow vector converges and NPV=0","duration":0.6941699999999855,"failureMessages":[],"meta":{}},{"ancestorTitles":["Realistic 10-year hotel scenario — assumptions through IRR"],"fullName":"Realistic 10-year hotel scenario — assumptions through IRR IRR is in realistic hotel range (8-25%)","status":"passed","title":"IRR is in realistic hotel range (8-25%)","duration":0.2601799999999912,"failureMessages":[],"meta":{}},{"ancestorTitles":["Realistic 10-year hotel scenario — assumptions through IRR"],"fullName":"Realistic 10-year hotel scenario — assumptions through IRR MOIC > 1.0 (investment returns more than invested)","status":"passed","title":"MOIC > 1.0 (investment returns more than invested)","duration":0.43049999999993815,"failureMessages":[],"meta":{}},{"ancestorTitles":["Realistic 10-year hotel scenario — assumptions through IRR"],"fullName":"Realistic 10-year hotel scenario — assumptions through IRR exit cap rate sensitivity — lower cap rate = higher IRR","status":"passed","title":"exit cap rate sensitivity — lower cap rate = higher IRR","duration":8.268869999999993,"failureMessages":[],"meta":{}},{"ancestorTitles":["Realistic 10-year hotel scenario — assumptions through IRR"],"fullName":"Realistic 10-year hotel scenario — assumptions through IRR debt yield exceeds minimum 10% threshold in stabilized years","status":"passed","title":"debt yield exceeds minimum 10% threshold in stabilized years","duration":0.40098999999997886,"failureMessages":[],"meta":{}},{"ancestorTitles":["Realistic 10-year hotel scenario — assumptions through IRR"],"fullName":"Realistic 10-year hotel scenario — assumptions through IRR cash-on-cash return is positive after ramp-up","status":"passed","title":"cash-on-cash return is positive after ramp-up","duration":0.273680000000013,"failureMessages":[],"meta":{}},{"ancestorTitles":["Cash purchase hotel scenario (no debt)"],"fullName":"Cash purchase hotel scenario (no debt) FCFE = NOI - Tax (no debt service)","status":"passed","title":"FCFE = NOI - Tax (no debt service)","duration":0.5761999999999716,"failureMessages":[],"meta":{}},{"ancestorTitles":["Cash purchase hotel scenario (no debt)"],"fullName":"Cash purchase hotel scenario (no debt) IRR converges for cash purchase","status":"passed","title":"IRR converges for cash purchase","duration":0.29963999999995394,"failureMessages":[],"meta":{}},{"ancestorTitles":["Cash purchase hotel scenario (no debt)"],"fullName":"Cash purchase hotel scenario (no debt) levered IRR exceeds unlevered IRR (positive leverage)","status":"passed","title":"levered IRR exceeds unlevered IRR (positive leverage)","duration":0.5848000000000866,"failureMessages":[],"meta":{}}],"startTime":1772924684033,"endTime":1772924684048.5847,"status":"passed","message":"","name":"/home/runner/workspace/tests/analytics/hotel-scenario-golden.test.ts"},{"assertionResults":[{"ancestorTitles":["computeIRR — known cases"],"fullName":"computeIRR — known cases solves simple two-cashflow case","status":"passed","title":"solves simple two-cashflow case","duration":3.7472799999999324,"failureMessages":[],"meta":{}},{"ancestorTitles":["computeIRR — known cases"],"fullName":"computeIRR — known cases solves classic investment case","status":"passed","title":"solves classic investment case","duration":0.4160099999999147,"failureMessages":[],"meta":{}},{"ancestorTitles":["computeIRR — known cases"],"fullName":"computeIRR — known cases solves break-even case","status":"passed","title":"solves break-even case","duration":0.2801399999999603,"failureMessages":[],"meta":{}},{"ancestorTitles":["computeIRR — known cases"],"fullName":"computeIRR — known cases handles high-return case","status":"passed","title":"handles high-return case","duration":0.2541600000000699,"failureMessages":[],"meta":{}},{"ancestorTitles":["computeIRR — known cases"],"fullName":"computeIRR — known cases handles negative return (loss)","status":"passed","title":"handles negative return (loss)","duration":0.9450899999999365,"failureMessages":[],"meta":{}},{"ancestorTitles":["computeIRR — known cases"],"fullName":"computeIRR — known cases handles multi-period with delayed returns","status":"passed","title":"handles multi-period with delayed returns","duration":0.7631800000000339,"failureMessages":[],"meta":{}},{"ancestorTitles":["computeIRR — annualization"],"fullName":"computeIRR — annualization annualizes monthly IRR","status":"passed","title":"annualizes monthly IRR","duration":0.3772800000000416,"failureMessages":[],"meta":{}},{"ancestorTitles":["computeIRR — annualization"],"fullName":"computeIRR — annualization annual periods: periodic equals annualized","status":"passed","title":"annual periods: periodic equals annualized","duration":0.21320000000002892,"failureMessages":[],"meta":{}},{"ancestorTitles":["computeIRR — edge cases"],"fullName":"computeIRR — edge cases returns null for all-negative cash flows","status":"passed","title":"returns null for all-negative cash flows","duration":1.7217500000000427,"failureMessages":[],"meta":{}},{"ancestorTitles":["computeIRR — edge cases"],"fullName":"computeIRR — edge cases returns null for all-positive cash flows","status":"passed","title":"returns null for all-positive cash flows","duration":0.30211000000008426,"failureMessages":[],"meta":{}},{"ancestorTitles":["computeIRR — edge cases"],"fullName":"computeIRR — edge cases returns null for single cash flow","status":"passed","title":"returns null for single cash flow","duration":0.19565000000000055,"failureMessages":[],"meta":{}},{"ancestorTitles":["computeIRR — edge cases"],"fullName":"computeIRR — edge cases returns null for empty array","status":"passed","title":"returns null for empty array","duration":0.3849800000000414,"failureMessages":[],"meta":{}},{"ancestorTitles":["computeIRR — edge cases"],"fullName":"computeIRR — edge cases handles all-zero cash flows except endpoints","status":"passed","title":"handles all-zero cash flows except endpoints","duration":0.4087000000000671,"failureMessages":[],"meta":{}}],"startTime":1772924687449,"endTime":1772924687459.4087,"status":"passed","message":"","name":"/home/runner/workspace/tests/analytics/irr.test.ts"},{"assertionResults":[{"ancestorTitles":["computeReturnMetrics — basic"],"fullName":"computeReturnMetrics — basic computes MOIC for 2x return","status":"passed","title":"computes MOIC for 2x return","duration":1.6804799999999886,"failureMessages":[],"meta":{}},{"ancestorTitles":["computeReturnMetrics — basic"],"fullName":"computeReturnMetrics — basic computes MOIC for partial loss","status":"passed","title":"computes MOIC for partial loss","duration":0.29921999999999116,"failureMessages":[],"meta":{}},{"ancestorTitles":["computeReturnMetrics — basic"],"fullName":"computeReturnMetrics — basic computes DPI same as MOIC for fully realized","status":"passed","title":"computes DPI same as MOIC for fully realized","duration":0.20814000000007127,"failureMessages":[],"meta":{}},{"ancestorTitles":["computeReturnMetrics — basic"],"fullName":"computeReturnMetrics — basic computes cash-on-cash yield","status":"passed","title":"computes cash-on-cash yield","duration":0.48731000000009317,"failureMessages":[],"meta":{}},{"ancestorTitles":["computeReturnMetrics — basic"],"fullName":"computeReturnMetrics — basic includes IRR in metrics","status":"passed","title":"includes IRR in metrics","duration":1.3061600000000908,"failureMessages":[],"meta":{}},{"ancestorTitles":["computeReturnMetrics — edge cases"],"fullName":"computeReturnMetrics — edge cases handles zero investment","status":"passed","title":"handles zero investment","duration":0.18962999999996555,"failureMessages":[],"meta":{}},{"ancestorTitles":["computeReturnMetrics — edge cases"],"fullName":"computeReturnMetrics — edge cases handles no distributions","status":"passed","title":"handles no distributions","duration":0.13712999999995645,"failureMessages":[],"meta":{}},{"ancestorTitles":["computeReturnMetrics — edge cases"],"fullName":"computeReturnMetrics — edge cases handles monthly periods for annualized IRR","status":"passed","title":"handles monthly periods for annualized IRR","duration":1.47032999999999,"failureMessages":[],"meta":{}}],"startTime":1772924688568,"endTime":1772924688574.4702,"status":"passed","message":"","name":"/home/runner/workspace/tests/analytics/metrics.test.ts"},{"assertionResults":[{"ancestorTitles":["NPV-IRR cross-validation — NPV must equal zero at IRR"],"fullName":"NPV-IRR cross-validation — NPV must equal zero at IRR NPV ≈ 0 at IRR for: simple 2-period","status":"passed","title":"NPV ≈ 0 at IRR for: simple 2-period","duration":2.0515799999999444,"failureMessages":[],"meta":{}},{"ancestorTitles":["NPV-IRR cross-validation — NPV must equal zero at IRR"],"fullName":"NPV-IRR cross-validation — NPV must equal zero at IRR NPV ≈ 0 at IRR for: 3-year even returns","status":"passed","title":"NPV ≈ 0 at IRR for: 3-year even returns","duration":0.38121000000001004,"failureMessages":[],"meta":{}},{"ancestorTitles":["NPV-IRR cross-validation — NPV must equal zero at IRR"],"fullName":"NPV-IRR cross-validation — NPV must equal zero at IRR NPV ≈ 0 at IRR for: break-even","status":"passed","title":"NPV ≈ 0 at IRR for: break-even","duration":0.2758999999999787,"failureMessages":[],"meta":{}},{"ancestorTitles":["NPV-IRR cross-validation — NPV must equal zero at IRR"],"fullName":"NPV-IRR cross-validation — NPV must equal zero at IRR NPV ≈ 0 at IRR for: high-return 2x","status":"passed","title":"NPV ≈ 0 at IRR for: high-return 2x","duration":0.20510999999999058,"failureMessages":[],"meta":{}},{"ancestorTitles":["NPV-IRR cross-validation — NPV must equal zero at IRR"],"fullName":"NPV-IRR cross-validation — NPV must equal zero at IRR NPV ≈ 0 at IRR for: delayed payoff","status":"passed","title":"NPV ≈ 0 at IRR for: delayed payoff","duration":0.7601700000000164,"failureMessages":[],"meta":{}},{"ancestorTitles":["NPV-IRR cross-validation — NPV must equal zero at IRR"],"fullName":"NPV-IRR cross-validation — NPV must equal zero at IRR NPV ≈ 0 at IRR for: 10-year hotel investment","status":"passed","title":"NPV ≈ 0 at IRR for: 10-year hotel investment","duration":0.20705999999995583,"failureMessages":[],"meta":{}},{"ancestorTitles":["NPV-IRR cross-validation — NPV must equal zero at IRR"],"fullName":"NPV-IRR cross-validation — NPV must equal zero at IRR NPV ≈ 0 at IRR for: negative early then positive","status":"passed","title":"NPV ≈ 0 at IRR for: negative early then positive","duration":0.23023000000000593,"failureMessages":[],"meta":{}},{"ancestorTitles":["NPV-IRR cross-validation — NPV must equal zero at IRR"],"fullName":"NPV-IRR cross-validation — NPV must equal zero at IRR NPV ≈ 0 at IRR for: monthly short-term","status":"passed","title":"NPV ≈ 0 at IRR for: monthly short-term","duration":0.24024999999994634,"failureMessages":[],"meta":{}},{"ancestorTitles":["NPV-IRR cross-validation — NPV must equal zero at IRR"],"fullName":"NPV-IRR cross-validation — NPV must equal zero at IRR NPV ≈ 0 at IRR for: uneven hotel cash flows","status":"passed","title":"NPV ≈ 0 at IRR for: uneven hotel cash flows","duration":0.3425999999999476,"failureMessages":[],"meta":{}},{"ancestorTitles":["NPV-IRR cross-validation — NPV must equal zero at IRR"],"fullName":"NPV-IRR cross-validation — NPV must equal zero at IRR NPV ≈ 0 at IRR for: portfolio with mid-stream acquisition","status":"passed","title":"NPV ≈ 0 at IRR for: portfolio with mid-stream acquisition","duration":0.3102399999999079,"failureMessages":[],"meta":{}},{"ancestorTitles":["NPV-IRR cross-validation — NPV must equal zero at IRR"],"fullName":"NPV-IRR cross-validation — NPV must equal zero at IRR annualized IRR is consistent with periodic IRR","status":"passed","title":"annualized IRR is consistent with periodic IRR","duration":0.2900399999999763,"failureMessages":[],"meta":{}},{"ancestorTitles":["NPV-IRR cross-validation — NPV must equal zero at IRR"],"fullName":"NPV-IRR cross-validation — NPV must equal zero at IRR IRR increases when returns increase (monotonicity)","status":"passed","title":"IRR increases when returns increase (monotonicity)","duration":0.3047599999999875,"failureMessages":[],"meta":{}},{"ancestorTitles":["NPV-IRR cross-validation — NPV must equal zero at IRR"],"fullName":"NPV-IRR cross-validation — NPV must equal zero at IRR IRR is independent of cash flow scale (homogeneity)","status":"passed","title":"IRR is independent of cash flow scale (homogeneity)","duration":0.17485999999996693,"failureMessages":[],"meta":{}},{"ancestorTitles":["NPV-IRR — boundary and stress cases"],"fullName":"NPV-IRR — boundary and stress cases very small positive IRR (near break-even)","status":"passed","title":"very small positive IRR (near break-even)","duration":0.3142400000000407,"failureMessages":[],"meta":{}},{"ancestorTitles":["NPV-IRR — boundary and stress cases"],"fullName":"NPV-IRR — boundary and stress cases very small negative IRR (slight loss)","status":"passed","title":"very small negative IRR (slight loss)","duration":0.2576099999999997,"failureMessages":[],"meta":{}},{"ancestorTitles":["NPV-IRR — boundary and stress cases"],"fullName":"NPV-IRR — boundary and stress cases long duration (20-year) cash flow stream","status":"passed","title":"long duration (20-year) cash flow stream","duration":2.6489800000000514,"failureMessages":[],"meta":{}},{"ancestorTitles":["NPV-IRR — boundary and stress cases"],"fullName":"NPV-IRR — boundary and stress cases multiple sign changes still converges","status":"passed","title":"multiple sign changes still converges","duration":0.6139200000000073,"failureMessages":[],"meta":{}}],"startTime":1772924682473,"endTime":1772924682483.614,"status":"passed","message":"","name":"/home/runner/workspace/tests/analytics/npv-irr-crosscheck.test.ts"},{"assertionResults":[{"ancestorTitles":["Portfolio IRR — multi-property consolidated"],"fullName":"Portfolio IRR — multi-property consolidated two properties acquired simultaneously","status":"passed","title":"two properties acquired simultaneously","duration":2.1915800000000445,"failureMessages":[],"meta":{}},{"ancestorTitles":["Portfolio IRR — multi-property consolidated"],"fullName":"Portfolio IRR — multi-property consolidated staggered acquisitions — property B acquired in Year 2","status":"passed","title":"staggered acquisitions — property B acquired in Year 2","duration":0.4221300000000383,"failureMessages":[],"meta":{}},{"ancestorTitles":["Portfolio IRR — multi-property consolidated"],"fullName":"Portfolio IRR — multi-property consolidated three properties with different acquisition years","status":"passed","title":"three properties with different acquisition years","duration":0.3277500000000373,"failureMessages":[],"meta":{}},{"ancestorTitles":["Portfolio IRR — multi-property consolidated"],"fullName":"Portfolio IRR — multi-property consolidated portfolio MOIC = total distributions / total invested","status":"passed","title":"portfolio MOIC = total distributions / total invested","duration":0.7715100000000348,"failureMessages":[],"meta":{}},{"ancestorTitles":["Portfolio IRR — multi-property consolidated"],"fullName":"Portfolio IRR — multi-property consolidated portfolio IRR is between individual property IRRs (diversification bound)","status":"passed","title":"portfolio IRR is between individual property IRRs (diversification bound)","duration":0.5430999999999813,"failureMessages":[],"meta":{}},{"ancestorTitles":["Portfolio IRR — equity multiple consistency"],"fullName":"Portfolio IRR — equity multiple consistency net profit = total distributions - total invested","status":"passed","title":"net profit = total distributions - total invested","duration":0.2501200000000381,"failureMessages":[],"meta":{}},{"ancestorTitles":["Portfolio IRR — equity multiple consistency"],"fullName":"Portfolio IRR — equity multiple consistency DPI equals MOIC for fully realized investment","status":"passed","title":"DPI equals MOIC for fully realized investment","duration":0.1894399999999905,"failureMessages":[],"meta":{}}],"startTime":1772924686466,"endTime":1772924686471.25,"status":"passed","message":"","name":"/home/runner/workspace/tests/analytics/portfolio-irr.test.ts"},{"assertionResults":[{"ancestorTitles":["Refinancing cash flow vector — proceeds in correct period"],"fullName":"Refinancing cash flow vector — proceeds in correct period cash-out refi adds positive cash in refi year only","status":"passed","title":"cash-out refi adds positive cash in refi year only","duration":7.109019999999873,"failureMessages":[],"meta":{}},{"ancestorTitles":["Refinancing cash flow vector — proceeds in correct period"],"fullName":"Refinancing cash flow vector — proceeds in correct period refi improves IRR vs no-refi scenario","status":"passed","title":"refi improves IRR vs no-refi scenario","duration":0.5233900000000631,"failureMessages":[],"meta":{}},{"ancestorTitles":["Refinancing cash flow vector — proceeds in correct period"],"fullName":"Refinancing cash flow vector — proceeds in correct period refi improves MOIC","status":"passed","title":"refi improves MOIC","duration":0.4456800000000385,"failureMessages":[],"meta":{}},{"ancestorTitles":["Refinancing cash flow vector — proceeds in correct period"],"fullName":"Refinancing cash flow vector — proceeds in correct period refinancing through event pipeline preserves ASC 230","status":"passed","title":"refinancing through event pipeline preserves ASC 230","duration":31.333720000000085,"failureMessages":[],"meta":{}},{"ancestorTitles":["Exit proceeds — terminal value in final year"],"fullName":"Exit proceeds — terminal value in final year exit proceeds dominate IRR for typical hotel investment","status":"passed","title":"exit proceeds dominate IRR for typical hotel investment","duration":0.9225900000001275,"failureMessages":[],"meta":{}},{"ancestorTitles":["Exit proceeds — terminal value in final year"],"fullName":"Exit proceeds — terminal value in final year exit value = stabilized NOI / cap rate, correctly applied","status":"passed","title":"exit value = stabilized NOI / cap rate, correctly applied","duration":0.28965999999991254,"failureMessages":[],"meta":{}},{"ancestorTitles":["Exit proceeds — terminal value in final year"],"fullName":"Exit proceeds — terminal value in final year higher exit cap rate reduces IRR","status":"passed","title":"higher exit cap rate reduces IRR","duration":0.8979500000000371,"failureMessages":[],"meta":{}},{"ancestorTitles":["Exit proceeds — terminal value in final year"],"fullName":"Exit proceeds — terminal value in final year exit event through pipeline produces correct FCFE","status":"passed","title":"exit event through pipeline produces correct FCFE","duration":0.8970400000000609,"failureMessages":[],"meta":{}}],"startTime":1772924671440,"endTime":1772924671482.897,"status":"passed","message":"","name":"/home/runner/workspace/tests/analytics/refi-exit-vectors.test.ts"},{"assertionResults":[{"ancestorTitles":["runSensitivity"],"fullName":"runSensitivity computes metrics for multiple scenarios","status":"passed","title":"computes metrics for multiple scenarios","duration":2.798840000000041,"failureMessages":[],"meta":{}},{"ancestorTitles":["runSensitivity"],"fullName":"runSensitivity upside has higher IRR than downside","status":"passed","title":"upside has higher IRR than downside","duration":0.3201299999999492,"failureMessages":[],"meta":{}},{"ancestorTitles":["runSensitivity"],"fullName":"runSensitivity handles empty scenarios array","status":"passed","title":"handles empty scenarios array","duration":0.31259000000000015,"failureMessages":[],"meta":{}},{"ancestorTitles":["runSensitivity"],"fullName":"runSensitivity preserves labels","status":"passed","title":"preserves labels","duration":0.3868810000000167,"failureMessages":[],"meta":{}}],"startTime":1772924686117,"endTime":1772924686121.387,"status":"passed","message":"","name":"/home/runner/workspace/tests/analytics/sensitivity.test.ts"},{"assertionResults":[{"ancestorTitles":["Auditor Double-Down: formulaChecker — yearly waterfall"],"fullName":"Auditor Double-Down: formulaChecker — yearly waterfall monthly formula checker passes all checks","status":"passed","title":"monthly formula checker passes all checks","duration":3.9074000000000524,"failureMessages":[],"meta":{}},{"ancestorTitles":["Auditor Double-Down: formulaChecker — yearly waterfall"],"fullName":"Auditor Double-Down: formulaChecker — yearly waterfall yearly metric formulas pass with real engine output","status":"passed","title":"yearly metric formulas pass with real engine output","duration":1.0855700000001889,"failureMessages":[],"meta":{}},{"ancestorTitles":["Auditor Double-Down: formulaChecker — yearly waterfall"],"fullName":"Auditor Double-Down: formulaChecker — yearly waterfall yearly waterfall checks fire for every year (7+ checks per year)","status":"passed","title":"yearly waterfall checks fire for every year (7+ checks per year)","duration":0.5543000000002394,"failureMessages":[],"meta":{}},{"ancestorTitles":["Auditor Double-Down: formulaChecker — yearly waterfall"],"fullName":"Auditor Double-Down: formulaChecker — yearly waterfall all yearly ADR/Occupancy/RevPAR formulas verified against raw inputs","status":"passed","title":"all yearly ADR/Occupancy/RevPAR formulas verified against raw inputs","duration":1.136790000000019,"failureMessages":[],"meta":{}},{"ancestorTitles":["Auditor Double-Down: formulaChecker — yearly waterfall"],"fullName":"Auditor Double-Down: formulaChecker — yearly waterfall all yearly USALI waterfall identities pass for every year","status":"passed","title":"all yearly USALI waterfall identities pass for every year","duration":6.822639999999865,"failureMessages":[],"meta":{}},{"ancestorTitles":["Auditor Double-Down: crossCalculatorValidation — management fees + FF&E + total expenses"],"fullName":"Auditor Double-Down: crossCalculatorValidation — management fees + FF&E + total expenses base management fee check passes","status":"passed","title":"base management fee check passes","duration":4.235339999999724,"failureMessages":[],"meta":{}},{"ancestorTitles":["Auditor Double-Down: crossCalculatorValidation — management fees + FF&E + total expenses"],"fullName":"Auditor Double-Down: crossCalculatorValidation — management fees + FF&E + total expenses incentive management fee check passes","status":"passed","title":"incentive management fee check passes","duration":10.998689999999897,"failureMessages":[],"meta":{}},{"ancestorTitles":["Auditor Double-Down: crossCalculatorValidation — management fees + FF&E + total expenses"],"fullName":"Auditor Double-Down: crossCalculatorValidation — management fees + FF&E + total expenses FF&E reserve accumulation check passes","status":"passed","title":"FF&E reserve accumulation check passes","duration":0.9422600000002603,"failureMessages":[],"meta":{}},{"ancestorTitles":["Auditor Double-Down: crossCalculatorValidation — management fees + FF&E + t
[...]
ion)","duration":0.2008299999999963,"failureMessages":[],"meta":{}}],"startTime":1772924670082,"endTime":1772924670164.201,"status":"passed","message":"","name":"/home/runner/workspace/tests/calc/validation/export-verification.test.ts"},{"assertionResults":[{"ancestorTitles":["exports"],"fullName":"exports checkFundingGates is a function","status":"passed","title":"checkFundingGates is a function","duration":1.251850000000104,"failureMessages":[],"meta":{}},{"ancestorTitles":["exports"],"fullName":"exports returns FundingGateOutput shape","status":"passed","title":"returns FundingGateOutput shape","duration":115.84657000000016,"failureMessages":[],"meta":{}},{"ancestorTitles":["exports"],"fullName":"exports each gate result has the required shape","status":"passed","title":"each gate result has the required shape","duration":1.6565609999997832,"failureMessages":[],"meta":{}},{"ancestorTitles":["No Negative Cash gate"],"fullName":"No Negative Cash gate passes when all months have positive cash","status":"passed","title":"passes when all months have positive cash","duration":0.97691900000018,"failureMessages":[],"meta":{}},{"ancestorTitles":["No Negative Cash gate"],"fullName":"No Negative Cash gate passes when all months are exactly zero","status":"passed","title":"passes when all months are exactly zero","duration":0.29175000000032014,"failureMessages":[],"meta":{}},{"ancestorTitles":["No Negative Cash gate"],"fullName":"No Negative Cash gate fails when a single month is negative","status":"passed","title":"fails when a single month is negative","duration":1.279880999999932,"failureMessages":[],"meta":{}},{"ancestorTitles":["No Negative Cash gate"],"fullName":"No Negative Cash gate reports all negative months, not just the first","status":"passed","title":"reports all negative months, not just the first","duration":0.46875900000031834,"failureMessages":[],"meta":{}},{"ancestorTitles":["No Negative Cash gate"],"fullName":"No Negative Cash gate detects negative in first month","status":"passed","title":"detects negative in first month","duration":0.3011700000001838,"failureMessages":[],"meta":{}},{"ancestorTitles":["No Negative Cash gate"],"fullName":"No Negative Cash gate detects negative in last month","status":"passed","title":"detects negative in last month","duration":0.42854999999963184,"failureMessages":[],"meta":{}},{"ancestorTitles":["No Negative Cash gate"],"fullName":"No Negative Cash gate includes month count in passing details","status":"passed","title":"includes month count in passing details","duration":0.4005400000000918,"failureMessages":[],"meta":{}},{"ancestorTitles":["No Negative Cash gate"],"fullName":"No Negative Cash gate includes violation count in failing details","status":"passed","title":"includes violation count in failing details","duration":0.4016900000001442,"failureMessages":[],"meta":{}},{"ancestorTitles":["Debt-Free at Exit gate"],"fullName":"Debt-Free at Exit gate passes when final_debt_outstanding is 0","status":"passed","title":"passes when final_debt_outstanding is 0","duration":0.4574899999997797,"failureMessages":[],"meta":{}},{"ancestorTitles":["Debt-Free at Exit gate"],"fullName":"Debt-Free at Exit gate passes when final_debt_outstanding is within CENTS_TOLERANCE","status":"passed","title":"passes when final_debt_outstanding is within CENTS_TOLERANCE","duration":0.2854699999998047,"failureMessages":[],"meta":{}},{"ancestorTitles":["Debt-Free at Exit gate"],"fullName":"Debt-Free at Exit gate passes when final_debt_outstanding is below CENTS_TOLERANCE","status":"passed","title":"passes when final_debt_outstanding is below CENTS_TOLERANCE","duration":0.44290000000000873,"failureMessages":[],"meta":{}},{"ancestorTitles":["Debt-Free at Exit gate"],"fullName":"Debt-Free at Exit gate fails when final_debt_outstanding is positive and above tolerance","status":"passed","title":"fails when final_debt_outstanding is positive and above tolerance","duration":0.392620000000079,"failureMessages":[],"meta":{}},{"ancestorTitles":["Debt-Free at Exit gate"],"fullName":"Debt-Free at Exit gate fails when final_debt_outstanding just exceeds CENTS_TOLERANCE","status":"passed","title":"fails when final_debt_outstanding just exceeds CENTS_TOLERANCE","duration":0.1899399999997513,"failureMessages":[],"meta":{}},{"ancestorTitles":["Debt-Free at Exit gate"],"fullName":"Debt-Free at Exit gate is not included when final_debt_outstanding is undefined","status":"passed","title":"is not included when final_debt_outstanding is undefined","duration":0.18447999999989406,"failureMessages":[],"meta":{}},{"ancestorTitles":["Debt-Free at Exit gate"],"fullName":"Debt-Free at Exit gate first_violation_month is -1 regardless of outcome","status":"passed","title":"first_violation_month is -1 regardless of outcome","duration":0.3583800000001247,"failureMessages":[],"meta":{}},{"ancestorTitles":["Funding Date Gate","management_company entity"],"fullName":"Funding Date Gate management_company entity passes when funding_date is before operations_start_date","status":"passed","title":"passes when funding_date is before operations_start_date","duration":0.3353199999996832,"failureMessages":[],"meta":{}},{"ancestorTitles":["Funding Date Gate","management_company entity"],"fullName":"Funding Date Gate management_company entity passes when funding_date equals operations_start_date","status":"passed","title":"passes when funding_date equals operations_start_date","duration":0.16424999999981083,"failureMessages":[],"meta":{}},{"ancestorTitles":["Funding Date Gate","management_company entity"],"fullName":"Funding Date Gate management_company entity fails when funding_date is after operations_start_date (critical)","status":"passed","title":"fails when funding_date is after operations_start_date (critical)","duration":0.3531700000003184,"failureMessages":[],"meta":{}},{"ancestorTitles":["Funding Date Gate","management_company entity"],"fullName":"Funding Date Gate management_company entity includes correct dates in details","status":"passed","title":"includes correct dates in details","duration":0.2009899999998197,"failureMessages":[],"meta":{}},{"ancestorTitles":["Funding Date Gate","property entity"],"fullName":"Funding Date Gate property entity passes when funding_date is before operations_start_date","status":"passed","title":"passes when funding_date is before operations_start_date","duration":0.18455999999969208,"failureMessages":[],"meta":{}},{"ancestorTitles":["Funding Date Gate","property entity"],"fullName":"Funding Date Gate property entity passes when funding_date equals operations_start_date","status":"passed","title":"passes when funding_date equals operations_start_date","duration":0.14143000000012762,"failureMessages":[],"meta":{}},{"ancestorTitles":["Funding Date Gate","property entity"],"fullName":"Funding Date Gate property entity fails when funding_date is after operations_start_date (critical)","status":"passed","title":"fails when funding_date is after operations_start_date (critical)","duration":0.5729000000001179,"failureMessages":[],"meta":{}},{"ancestorTitles":["Funding Date Gate","portfolio entity"],"fullName":"Funding Date Gate portfolio entity uses Property Activation Gate label for portfolio entity type","status":"passed","title":"uses Property Activation Gate label for portfolio entity type","duration":0.3326799999999821,"failureMessages":[],"meta":{}},{"ancestorTitles":["Funding Date Gate"],"fullName":"Funding Date Gate skips funding gate when operations_start_date is missing","status":"passed","title":"skips funding gate when operations_start_date is missing","duration":0.49468000000024404,"failureMessages":[],"meta":{}},{"ancestorTitles":["Funding Date Gate"],"fullName":"Funding Date Gate skips funding gate when funding_date is missing","status":"passed","title":"skips funding gate when funding_date is missing","duration":0.1829899999997906,"failureMessages":[],"meta":{}},{"ancestorTitles":["Funding Date Gate"],"fullName":"Funding Date Gate skips funding gate when both dates are missing","status":"passed","title":"skips funding gate when both dates are missing","duration":0.5270199999999932,"failureMessages":[],"meta":{}},{"ancestorTitles":["No Over-Distribution gate"],"fullName":"No Over-Distribution gate passes when no distributions cause negative cash","status":"passed","title":"passes when no distributions cause negative cash","duration":0.25547000000005937,"failureMessages":[],"meta":{}},{"ancestorTitles":["No Over-Distribution gate"],"fullName":"No Over-Distribution gate fails when a distribution is made and cash is negative in the same month","status":"passed","title":"fails when a distribution is made and cash is negative in the same month","duration":0.2365700000000288,"failureMessages":[],"meta":{}},{"ancestorTitles":["No Over-Distribution gate"],"fullName":"No Over-Distribution gate does not flag when distribution is zero even if cash is negative","status":"passed","title":"does not flag when distribution is zero even if cash is negative","duration":0.12829999999985375,"failureMessages":[],"meta":{}},{"ancestorTitles":["No Over-Distribution gate"],"fullName":"No Over-Distribution gate does not flag when distribution is positive but cash is non-negative","status":"passed","title":"does not flag when distribution is positive but cash is non-negative","duration":0.27597000000014305,"failureMessages":[],"meta":{}},{"ancestorTitles":["No Over-Distribution gate"],"fullName":"No Over-Distribution gate reports only the first over-distribution month","status":"passed","title":"reports only the first over-distribution month","duration":0.21792000000004919,"failureMessages":[],"meta":{}},{"ancestorTitles":["No Over-Distribution gate"],"fullName":"No Over-Distribution gate handles distributions array longer than cash array (out-of-bounds cash defaults to 0)","status":"passed","title":"handles distributions array longer than cash array (out-of-bounds cash defaults to 0)","duration":0.12737000000015541,"failureMessages":[],"meta":{}},{"ancestorTitles":["No Over-Distribution gate"],"fullName":"No Over-Distribution gate is not included when monthly_distributions is undefined","status":"passed","title":"is not included when monthly_distributions is undefined","duration":0.18244000000004235,"failureMessages":[],"meta":{}},{"ancestorTitles":["No Over-Distribution gate"],"fullName":"No Over-Distribution gate is not included when monthly_distributions is empty","status":"passed","title":"is not included when monthly_distributions is empty","duration":0.20776999999998225,"failureMessages":[],"meta":{}},{"ancestorTitles":["minimum_cash_balance"],"fullName":"minimum_cash_balance returns the lowest value from the cash array","status":"passed","title":"returns the lowest value from the cash array","duration":0.1766499999998814,"failureMessages":[],"meta":{}},{"ancestorTitles":["minimum_cash_balance"],"fullName":"minimum_cash_balance returns a negative minimum when cash goes negative","status":"passed","title":"returns a negative minimum when cash goes negative","duration":0.13920999999982087,"failureMessages":[],"meta":{}},{"ancestorTitles":["minimum_cash_balance"],"fullName":"minimum_cash_balance returns 0 for an empty cash array","status":"passed","title":"returns 0 for an empty cash array","duration":0.11135000000012951,"failureMessages":[],"meta":{}},{"ancestorTitles":["minimum_cash_balance"],"fullName":"minimum_cash_balance returns the single value for a single-month array","status":"passed","title":"returns the single value for a single-month array","duration":0.11061999999992622,"failureMessages":[],"meta":{}},{"ancestorTitles":["minimum_cash_balance"],"fullName":"minimum_cash_balance handles all identical values","status":"passed","title":"handles all identical values","duration":0.11360000000013315,"failureMessages":[],"meta":{}},{"ancestorTitles":["minimum_cash_balance"],"fullName":"minimum_cash_balance rounds to cents precision","status":"passed","title":"rounds to cents precision","duration":0.22989000000006854,"failureMessages":[],"meta":{}},{"ancestorTitles":["minimum_cash_balance"],"fullName":"minimum_cash_balance correctly handles very small fractional values","status":"passed","title":"correctly handles very small fractional values","duration":0.15590999999994892,"failureMessages":[],"meta":{}},{"ancestorTitles":["severity classification"],"fullName":"severity classification funding gate failure is critical","status":"passed","title":"funding gate failure is critical","duration":0.16732999999976528,"failureMessages":[],"meta":{}},{"ancestorTitles":["severity classification"],"fullName":"severity classification funding gate pass is info","status":"passed","title":"funding gate pass is info","duration":0.14130999999997584,"failureMessages":[],"meta":{}},{"ancestorTitles":["severity classification"],"fullName":"severity classification negative cash is material","status":"passed","title":"negative cash is material","duration":0.12966000000005806,"failureMessages":[],"meta":{}},{"ancestorTitles":["severity classification"],"fullName":"severity classification no negative cash is info","status":"passed","title":"no negative cash is info","duration":0.1440099999999802,"failureMessages":[],"meta":{}},{"ancestorTitles":["severity classification"],"fullName":"severity classification debt-free failure is critical","status":"passed","title":"debt-free failure is critical","duration":0.19869000000016968,"failureMessages":[],"meta":{}},{"ancestorTitles":["severity classification"],"fullName":"severity classification debt-free pass is info","status":"passed","title":"debt-free pass is info","duration":0.16843000000017128,"failureMessages":[],"meta":{}},{"ancestorTitles":["severity classification"],"fullName":"severity classification over-distribution failure is material","status":"passed","title":"over-distribution failure is material","duration":0.16148999999995794,"failureMessages":[],"meta":{}},{"ancestorTitles":["severity classification"],"fullName":"severity classification over-distribution pass is info","status":"passed","title":"over-distribution pass is info","duration":0.1568699999997989,"failureMessages":[],"meta":{}},{"ancestorTitles":["edge cases"],"fullName":"edge cases empty monthly_ending_cash array","status":"passed","title":"empty monthly_ending_cash array","duration":1.1887700000002042,"failureMessages":[],"meta":{}},{"ancestorTitles":["edge cases"],"fullName":"edge cases single month positive cash","status":"passed","title":"single month positive cash","duration":0.2350099999998747,"failureMessages":[],"meta":{}},{"ancestorTitles":["edge cases"],"fullName":"edge cases single month zero cash","status":"passed","title":"single month zero cash","duration":0.22875000000021828,"failureMessages":[],"meta":{}},{"ancestorTitles":["edge cases"],"fullName":"edge cases single month negative cash","status":"passed","title":"single month negative cash","duration":0.32861000000002605,"failureMessages":[],"meta":{}},{"ancestorTitles":["edge cases"],"fullName":"edge cases all zeros","status":"passed","title":"all zeros","duration":0.2452899999998408,"failureMessages":[],"meta":{}},{"ancestorTitles":["edge cases"],"fullName":"edge cases all negative","status":"passed","title":"all negative","duration":0.33906000000024505,"failureMessages":[],"meta":{}},{"ancestorTitles":["edge cases"],"fullName":"edge cases very large cash values","status":"passed","title":"very large cash values","duration":0.18931000000020504,"failureMessages":[],"meta":{}},{"ancestorTitles":["edge cases"],"fullName":"edge cases very small negative values (below -CENTS_TOLERANCE)","status":"passed","title":"very small negative values (below -CENTS_TOLERANCE)","duration":0.19923999999991793,"failureMessages":[],"meta":{}},{"ancestorTitles":["edge cases"],"fullName":"edge cases final_debt_outstanding of exactly 0 passes","status":"passed","title":"final_debt_outstanding of exactly 0 passes","duration":0.17885999999998603,"failureMessages":[],"meta":{}},{"ancestorTitles":["edge cases"],"fullName":"edge cases final_debt_outstanding of negative value passes (less than tolerance)","status":"passed","title":"final_debt_outstanding of negative value passes (less than tolerance)","duration":0.15974999999980355,"failureMessages":[],"meta":{}},{"ancestorTitles":["edge cases"],"fullName":"edge cases 120 months of cash data (full 10-year projection)","status":"passed","title":"120 months of cash data (full 10-year projection)","duration":0.30674999999973807,"failureMessages":[],"meta":{}},{"ancestorTitles":["edge cases"],"fullName":"edge cases no optional inputs supplied","status":"passed","title":"no optional inputs supplied","duration":0.6694000000002234,"failureMessages":[],"meta":{}},{"ancestorTitles":["all_gates_passed (overall opinion)"],"fullName":"all_gates_passed (overall opinion) true when all gates pass","status":"passed","title":"true when all gates pass","duration":0.23079000000007,"failureMessages":[],"meta":{}},{"ancestorTitles":["all_gates_passed (overall opinion)"],"fullName":"all_gates_passed (overall opinion) false when funding gate fails","status":"passed","title":"false when funding gate fails","duration":0.13218000000006214,"failureMessages":[],"meta":{}},{"ancestorTitles":["all_gates_passed (overall opinion)"],"fullName":"all_gates_passed (overall opinion) false when negative cash gate fails","status":"passed","title":"false when negative cash gate fails","duration":0.16935000000012224,"failureMessages":[],"meta":{}},{"ancestorTitles":["all_gates_passed (overall opinion)"],"fullName":"all_gates_passed (overall opinion) false when debt-free gate fails","status":"passed","title":"false when debt-free gate fails","duration":0.13972000000012486,"failureMessages":[],"meta":{}},{"ancestorTitles":["all_gates_passed (overall opinion)"],"fullName":"all_gates_passed (overall opinion) false when over-distribution gate fails","status":"passed","title":"false when over-distribution gate fails","duration":0.11655000000018845,"failureMessages":[],"meta":{}},{"ancestorTitles":["all_gates_passed (overall opinion)"],"fullName":"all_gates_passed (overall opinion) false when multiple gates fail simultaneously","status":"passed","title":"false when multiple gates fail simultaneously","duration":0.27523999999993976,"failureMessages":[],"meta":{}},{"ancestorTitles":["all_gates_passed (overall opinion)"],"fullName":"all_gates_passed (overall opinion) true when only optional gates are absent","status":"passed","title":"true when only optional gates are absent","duration":0.40279999999984284,"failureMessages":[],"meta":{}},{"ancestorTitles":["all_gates_passed (overall opinion)"],"fullName":"all_gates_passed (overall opinion) correctly aggregates mixed pass/fail across all gate types","status":"passed","title":"correctly aggregates mixed pass/fail across all gate types","duration":0.30153999999993175,"failureMessages":[],"meta":{}},{"ancestorTitles":["gate ordering and composition"],"fullName":"gate ordering and composition funding gate appears before negative cash gate when both present","status":"passed","title":"funding gate appears before negative cash gate when both present","duration":0.23928999999998268,"failureMessages":[],"meta":{}},{"ancestorTitles":["gate ordering and composition"],"fullName":"gate ordering and composition debt-free gate appears after negative cash gate","status":"passed","title":"debt-free gate appears after negative cash gate","duration":0.17967999999973472,"failureMessages":[],"meta":{}},{"ancestorTitles":["gate ordering and composition"],"fullName":"gate ordering and composition all four gates present when all inputs provided","status":"passed","title":"all four gates present when all inputs provided","duration":1.3532600000003185,"failureMessages":[],"meta":{}}],"startTime":1772924661830,"endTime":1772924661976.3533,"status":"passed","message":"","name":"/home/runner/workspace/tests/calc/validation/funding-gates.test.ts"}]}